{
  "RSpec": {
    "coverage": {
      "/home/daniel/workspace/agendaedu/spec/requests/expenses_requests_spec.rb": {
        "lines": [
          1,
          null,
          1,
          1,
          6,
          6,
          null,
          1,
          6,
          6,
          2,
          2,
          2,
          2,
          null,
          1,
          1,
          1,
          null,
          null,
          null,
          null
        ]
      },
      "/home/daniel/workspace/agendaedu/spec/rails_helper.rb": {
        "lines": [
          null,
          1,
          1,
          1,
          null,
          1,
          1,
          null,
          1,
          1,
          null,
          null,
          2,
          1,
          null,
          null,
          null,
          null,
          null,
          null,
          null,
          null,
          null,
          null,
          null,
          null,
          null,
          null,
          null,
          null,
          null,
          null,
          1,
          null,
          0,
          0,
          null,
          1,
          null,
          1,
          null,
          null,
          1,
          1,
          1,
          1,
          null,
          null,
          null,
          null,
          1,
          null,
          null,
          null,
          null,
          1,
          null,
          null,
          null,
          null,
          null,
          null,
          null,
          null,
          null,
          null,
          null,
          null,
          null,
          null,
          null,
          null,
          null,
          1,
          null,
          null,
          1,
          null,
          null,
          null
        ]
      },
      "/home/daniel/workspace/agendaedu/config/environment.rb": {
        "lines": [
          null,
          1,
          null,
          null,
          1
        ]
      },
      "/home/daniel/workspace/agendaedu/config/application.rb": {
        "lines": [
          1,
          null,
          1,
          null,
          null,
          null,
          1,
          null,
          1,
          1,
          null,
          1,
          null,
          1,
          null,
          null,
          1,
          1,
          1,
          1,
          null,
          null,
          1,
          null,
          1,
          null,
          null,
          1,
          null,
          null
        ]
      },
      "/home/daniel/workspace/agendaedu/config/boot.rb": {
        "lines": [
          1,
          null,
          1,
          1
        ]
      },
      "/home/daniel/workspace/agendaedu/config/environments/test.rb": {
        "lines": [
          null,
          null,
          null,
          null,
          null,
          1,
          null,
          null,
          1,
          1,
          null,
          null,
          null,
          null,
          1,
          null,
          null,
          1,
          1,
          null,
          null,
          null,
          null,
          1,
          1,
          1,
          null,
          null,
          1,
          null,
          null,
          1,
          null,
          null,
          1,
          null,
          1,
          null,
          null,
          null,
          null,
          1,
          null,
          null,
          1,
          null,
          null,
          null,
          null
        ]
      },
      "/home/daniel/workspace/agendaedu/config/initializers/application_controller_renderer.rb": {
        "lines": [
          null,
          null,
          null,
          null,
          null,
          null,
          null,
          null
        ]
      },
      "/home/daniel/workspace/agendaedu/config/initializers/assets.rb": {
        "lines": [
          null,
          null,
          null,
          1,
          null,
          null,
          null,
          null,
          1,
          null,
          null,
          null,
          null,
          null
        ]
      },
      "/home/daniel/workspace/agendaedu/config/initializers/backtrace_silencers.rb": {
        "lines": [
          null,
          null,
          null,
          null,
          null,
          null,
          null
        ]
      },
      "/home/daniel/workspace/agendaedu/config/initializers/content_security_policy.rb": {
        "lines": [
          null,
          null,
          null,
          null,
          null,
          null,
          null,
          null,
          null,
          null,
          null,
          null,
          null,
          null,
          null,
          null,
          null,
          null,
          null,
          null,
          null,
          null,
          null,
          null,
          null,
          null,
          null,
          null,
          null,
          null
        ]
      },
      "/home/daniel/workspace/agendaedu/config/initializers/cookies_serializer.rb": {
        "lines": [
          null,
          null,
          null,
          null,
          1
        ]
      },
      "/home/daniel/workspace/agendaedu/config/initializers/filter_parameter_logging.rb": {
        "lines": [
          null,
          null,
          null,
          1
        ]
      },
      "/home/daniel/workspace/agendaedu/config/initializers/inflections.rb": {
        "lines": [
          null,
          null,
          null,
          null,
          null,
          null,
          null,
          null,
          null,
          null,
          null,
          null,
          null,
          null,
          null,
          null
        ]
      },
      "/home/daniel/workspace/agendaedu/config/initializers/kaminari_config.rb": {
        "lines": [
          null,
          null,
          1,
          1,
          1,
          null
        ]
      },
      "/home/daniel/workspace/agendaedu/config/initializers/mime_types.rb": {
        "lines": [
          null,
          null,
          null,
          null
        ]
      },
      "/home/daniel/workspace/agendaedu/config/initializers/sidekiq.rb": {
        "lines": [
          null,
          1,
          0,
          null,
          null,
          1,
          1,
          null,
          null
        ]
      },
      "/home/daniel/workspace/agendaedu/config/initializers/wrap_parameters.rb": {
        "lines": [
          null,
          null,
          null,
          null,
          null,
          null,
          1,
          2,
          null,
          null,
          null,
          null,
          null,
          null
        ]
      },
      "/home/daniel/workspace/agendaedu/spec/factories/expenses.rb": {
        "lines": [
          1,
          1,
          1,
          null,
          51,
          51,
          51,
          51,
          null,
          null
        ]
      },
      "/home/daniel/workspace/agendaedu/spec/factories/file_histories.rb": {
        "lines": [
          1,
          1,
          1,
          1,
          1,
          null,
          null,
          null,
          null,
          null,
          null
        ]
      },
      "/home/daniel/workspace/agendaedu/spec/factories/parlamentarians.rb": {
        "lines": [
          1,
          1,
          6,
          6,
          6,
          6,
          6,
          6,
          null,
          null
        ]
      },
      "/home/daniel/workspace/agendaedu/config/routes.rb": {
        "lines": [
          1,
          null,
          1,
          1,
          null,
          1,
          1,
          1,
          null,
          null,
          1,
          null,
          1,
          null
        ]
      },
      "/home/daniel/workspace/agendaedu/app/helpers/application_helper.rb": {
        "lines": [
          1,
          null,
          1,
          5,
          5,
          20,
          20,
          null,
          0,
          0,
          0,
          null,
          5,
          0,
          0,
          0,
          null,
          null,
          5,
          null,
          null,
          null,
          null,
          null,
          null,
          null,
          null,
          null,
          1,
          0,
          null,
          null,
          null,
          null,
          null,
          0,
          0,
          null,
          0,
          null,
          null,
          null,
          1,
          0,
          null,
          null,
          1,
          0,
          0,
          0,
          0,
          0,
          null,
          null,
          1,
          5,
          null,
          null
        ]
      },
      "/home/daniel/workspace/agendaedu/app/helpers/expenses_helper.rb": {
        "lines": [
          1,
          null,
          1,
          35,
          null,
          null
        ]
      },
      "/home/daniel/workspace/agendaedu/app/helpers/parlamentarians_helper.rb": {
        "lines": [
          1,
          null,
          1,
          5,
          null,
          null
        ]
      },
      "/home/daniel/workspace/agendaedu/spec/support/file_test_helper.rb": {
        "lines": [
          1,
          1,
          1,
          null,
          1,
          0,
          null,
          null,
          1,
          null,
          1,
          0,
          0,
          null,
          null
        ]
      },
      "/home/daniel/workspace/agendaedu/app/models/parlamentarian.rb": {
        "lines": [
          1,
          null,
          1,
          null,
          1,
          1,
          1,
          1,
          1,
          null
        ]
      },
      "/home/daniel/workspace/agendaedu/app/models/application_record.rb": {
        "lines": [
          1,
          1,
          null
        ]
      },
      "/home/daniel/workspace/agendaedu/app/models/expense.rb": {
        "lines": [
          1,
          null,
          1,
          null,
          1,
          1,
          1,
          null,
          1,
          5,
          null,
          null,
          1,
          5,
          null,
          50,
          null,
          null,
          1,
          5,
          null,
          60,
          null,
          null
        ]
      },
      "/home/daniel/workspace/agendaedu/app/controllers/application_controller.rb": {
        "lines": [
          1,
          1,
          null
        ]
      },
      "/home/daniel/workspace/agendaedu/app/controllers/concerns/exceptions.rb": {
        "lines": [
          1,
          1,
          null,
          1,
          1,
          1,
          1,
          1,
          null,
          1,
          0,
          null,
          null,
          1,
          0,
          null,
          null,
          1,
          0,
          null,
          null,
          1,
          0,
          null,
          null,
          1,
          0,
          null,
          null,
          null
        ]
      },
      "/home/daniel/workspace/agendaedu/app/controllers/expenses_controller.rb": {
        "lines": [
          1,
          1,
          1,
          null,
          1,
          5,
          5,
          5,
          null,
          5,
          5,
          5,
          null,
          null,
          1,
          null,
          1,
          null,
          1,
          5,
          null,
          null,
          1,
          0,
          null,
          null
        ]
      }
    },
    "timestamp": 1608142814
  }
}
